# JRE version: OpenJDK Runtime Environment (8.0_152-b01) (build 1.8.0_152-release-1343-b01)
# Java VM: OpenJDK 64-Bit Server VM (25.152-b01 mixed mode windows-amd64 compressed oops)
Heap:
 PSYoungGen      total 199168K, used 193579K [0x00000000e0000000, 0x00000000ee100000, 0x0000000100000000)
  eden space 186368K, 97% used [0x00000000e0000000,0x00000000eb09c4a0,0x00000000eb600000)
  from space 12800K, 99% used [0x00000000ed480000,0x00000000ee0eeb30,0x00000000ee100000)
  to   space 19968K, 0% used [0x00000000eba00000,0x00000000eba00000,0x00000000ecd80000)
 ParOldGen       total 132608K, used 38670K [0x00000000a0000000, 0x00000000a8180000, 0x00000000e0000000)
  object space 132608K, 29% used [0x00000000a0000000,0x00000000a25c3850,0x00000000a8180000)
 Metaspace       used 69576K, capacity 72146K, committed 72472K, reserved 1112064K
  class space    used 9393K, capacity 9982K, committed 10024K, reserved 1048576K
GC Heap History (10 events):
Event: 8.966 GC heap before
{Heap before GC invocations=11 (full 2):
 PSYoungGen      total 126976K, used 10770K [0x00000000e0000000, 0x00000000ebb00000, 0x0000000100000000)
  eden space 115712K, 0% used [0x00000000e0000000,0x00000000e0000000,0x00000000e7100000)
  from space 11264K, 95% used [0x00000000e7100000,0x00000000e7b84820,0x00000000e7c00000)
  to   space 12288K, 0% used [0x00000000eaf00000,0x00000000eaf00000,0x00000000ebb00000)
 ParOldGen       total 54272K, used 7892K [0x00000000a0000000, 0x00000000a3500000, 0x00000000e0000000)
  object space 54272K, 14% used [0x00000000a0000000,0x00000000a07b5028,0x00000000a3500000)
 Metaspace       used 34608K, capacity 35438K, committed 35496K, reserved 1079296K
  class space    used 4773K, capacity 4995K, committed 5032K, reserved 1048576K
Event: 9.018 GC heap after
Heap after GC invocations=11 (full 2):
 PSYoungGen      total 126976K, used 0K [0x00000000e0000000, 0x00000000ebb00000, 0x0000000100000000)
  eden space 115712K, 0% used [0x00000000e0000000,0x00000000e0000000,0x00000000e7100000)
  from space 11264K, 0% used [0x00000000e7100000,0x00000000e7100000,0x00000000e7c00000)
  to   space 12288K, 0% used [0x00000000eaf00000,0x00000000eaf00000,0x00000000ebb00000)
 ParOldGen       total 82432K, used 17683K [0x00000000a0000000, 0x00000000a5080000, 0x00000000e0000000)
  object space 82432K, 21% used [0x00000000a0000000,0x00000000a1144ec0,0x00000000a5080000)
 Metaspace       used 34587K, capacity 35366K, committed 35496K, reserved 1079296K
  class space    used 4766K, capacity 4983K, committed 5032K, reserved 1048576K
}
Event: 10.501 GC heap before
{Heap before GC invocations=12 (full 2):
 PSYoungGen      total 126976K, used 115712K [0x00000000e0000000, 0x00000000ebb00000, 0x0000000100000000)
  eden space 115712K, 100% used [0x00000000e0000000,0x00000000e7100000,0x00000000e7100000)
  from space 11264K, 0% used [0x00000000e7100000,0x00000000e7100000,0x00000000e7c00000)
  to   space 12288K, 0% used [0x00000000eaf00000,0x00000000eaf00000,0x00000000ebb00000)
 ParOldGen       total 82432K, used 17683K [0x00000000a0000000, 0x00000000a5080000, 0x00000000e0000000)
  object space 82432K, 21% used [0x00000000a0000000,0x00000000a1144ec0,0x00000000a5080000)
 Metaspace       used 44784K, capacity 45888K, committed 46120K, reserved 1089536K
  class space    used 6030K, capacity 6313K, committed 6440K, reserved 1048576K
Event: 10.515 GC heap after
Heap after GC invocations=12 (full 2):
 PSYoungGen      total 163840K, used 12261K [0x00000000e0000000, 0x00000000ebb00000, 0x0000000100000000)
  eden space 151552K, 0% used [0x00000000e0000000,0x00000000e0000000,0x00000000e9400000)
  from space 12288K, 99% used [0x00000000eaf00000,0x00000000ebaf95e8,0x00000000ebb00000)
  to   space 14848K, 0% used [0x00000000e9e00000,0x00000000e9e00000,0x00000000eac80000)
 ParOldGen       total 82432K, used 20255K [0x00000000a0000000, 0x00000000a5080000, 0x00000000e0000000)
  object space 82432K, 24% used [0x00000000a0000000,0x00000000a13c7fe8,0x00000000a5080000)
 Metaspace       used 44784K, capacity 45888K, committed 46120K, reserved 1089536K
  class space    used 6030K, capacity 6313K, committed 6440K, reserved 1048576K
}
Event: 12.297 GC heap before
{Heap before GC invocations=13 (full 2):
 PSYoungGen      total 163840K, used 161642K [0x00000000e0000000, 0x00000000ebb00000, 0x0000000100000000)
  eden space 151552K, 98% used [0x00000000e0000000,0x00000000e91e1310,0x00000000e9400000)
  from space 12288K, 99% used [0x00000000eaf00000,0x00000000ebaf95e8,0x00000000ebb00000)
  to   space 14848K, 0% used [0x00000000e9e00000,0x00000000e9e00000,0x00000000eac80000)
 ParOldGen       total 82432K, used 20255K [0x00000000a0000000, 0x00000000a5080000, 0x00000000e0000000)
  object space 82432K, 24% used [0x00000000a0000000,0x00000000a13c7fe8,0x00000000a5080000)
 Metaspace       used 57534K, capacity 59132K, committed 59160K, reserved 1099776K
  class space    used 7806K, capacity 8216K, committed 8232K, reserved 1048576K
Event: 12.318 GC heap after
Heap after GC invocations=13 (full 2):
 PSYoungGen      total 176640K, used 14845K [0x00000000e0000000, 0x00000000ee800000, 0x0000000100000000)
  eden space 161792K, 0% used [0x00000000e0000000,0x00000000e0000000,0x00000000e9e00000)
  from space 14848K, 99% used [0x00000000e9e00000,0x00000000eac7f548,0x00000000eac80000)
  to   space 19968K, 0% used [0x00000000ed480000,0x00000000ed480000,0x00000000ee800000)
 ParOldGen       total 82432K, used 29345K [0x00000000a0000000, 0x00000000a5080000, 0x00000000e0000000)
  object space 82432K, 35% used [0x00000000a0000000,0x00000000a1ca8418,0x00000000a5080000)
 Metaspace       used 57534K, capacity 59132K, committed 59160K, reserved 1099776K
  class space    used 7806K, capacity 8216K, committed 8232K, reserved 1048576K
}
Event: 12.318 GC heap before
{Heap before GC invocations=14 (full 3):
 PSYoungGen      total 176640K, used 14845K [0x00000000e0000000, 0x00000000ee800000, 0x0000000100000000)
  eden space 161792K, 0% used [0x00000000e0000000,0x00000000e0000000,0x00000000e9e00000)
  from space 14848K, 99% used [0x00000000e9e00000,0x00000000eac7f548,0x00000000eac80000)
  to   space 19968K, 0% used [0x00000000ed480000,0x00000000ed480000,0x00000000ee800000)
 ParOldGen       total 82432K, used 29345K [0x00000000a0000000, 0x00000000a5080000, 0x00000000e0000000)
  object space 82432K, 35% used [0x00000000a0000000,0x00000000a1ca8418,0x00000000a5080000)
 Metaspace       used 57534K, capacity 59132K, committed 59160K, reserved 1099776K
  class space    used 7806K, capacity 8216K, committed 8232K, reserved 1048576K
Event: 12.601 GC heap after
Heap after GC invocations=14 (full 3):
 PSYoungGen      total 176640K, used 0K [0x00000000e0000000, 0x00000000ee800000, 0x0000000100000000)
  eden space 161792K, 0% used [0x00000000e0000000,0x00000000e0000000,0x00000000e9e00000)
  from space 14848K, 0% used [0x00000000e9e00000,0x00000000e9e00000,0x00000000eac80000)
  to   space 19968K, 0% used [0x00000000ed480000,0x00000000ed480000,0x00000000ee800000)
 ParOldGen       total 132608K, used 38662K [0x00000000a0000000, 0x00000000a8180000, 0x00000000e0000000)
  object space 132608K, 29% used [0x00000000a0000000,0x00000000a25c1850,0x00000000a8180000)
 Metaspace       used 57534K, capacity 59132K, committed 59160K, reserved 1099776K
  class space    used 7806K, capacity 8216K, committed 8232K, reserved 1048576K
}
Event: 14.971 GC heap before
{Heap before GC invocations=15 (full 3):
 PSYoungGen      total 176640K, used 161792K [0x00000000e0000000, 0x00000000ee800000, 0x0000000100000000)
  eden space 161792K, 100% used [0x00000000e0000000,0x00000000e9e00000,0x00000000e9e00000)
  from space 14848K, 0% used [0x00000000e9e00000,0x00000000e9e00000,0x00000000eac80000)
  to   space 19968K, 0% used [0x00000000ed480000,0x00000000ed480000,0x00000000ee800000)
 ParOldGen       total 132608K, used 38662K [0x00000000a0000000, 0x00000000a8180000, 0x00000000e0000000)
  object space 132608K, 29% used [0x00000000a0000000,0x00000000a25c1850,0x00000000a8180000)
 Metaspace       used 63305K, capacity 65530K, committed 65816K, reserved 1105920K
  class space    used 8661K, capacity 9143K, committed 9256K, reserved 1048576K
Event: 14.988 GC heap after
Heap after GC invocations=15 (full 3):
 PSYoungGen      total 199168K, used 12730K [0x00000000e0000000, 0x00000000ee100000, 0x0000000100000000)
  eden space 186368K, 0% used [0x00000000e0000000,0x00000000e0000000,0x00000000eb600000)
  from space 12800K, 99% used [0x00000000ed480000,0x00000000ee0eeb30,0x00000000ee100000)
  to   space 19968K, 0% used [0x00000000eba00000,0x00000000eba00000,0x00000000ecd80000)
 ParOldGen       total 132608K, used 38670K [0x00000000a0000000, 0x00000000a8180000, 0x00000000e0000000)
  object space 132608K, 29% used [0x00000000a0000000,0x00000000a25c3850,0x00000000a8180000)
 Metaspace       used 63305K, capacity 65530K, committed 65816K, reserved 1105920K
  class space    used 8661K, capacity 9143K, committed 9256K, reserved 1048576K
}

